CRITICAL - 2021-12-26 00:36:59 --> Cannot use object of type mysqli as array
#0 C:\xampp\htdocs\examples\sn-ci4\system\View\View.php(214): include()
#1 C:\xampp\htdocs\examples\sn-ci4\system\View\View.php(217): CodeIgniter\View\View->CodeIgniter\View\{closure}()
#2 C:\xampp\htdocs\examples\sn-ci4\system\Common.php(1097): CodeIgniter\View\View->render('mahasiswa/index', Array, true)
#3 C:\xampp\htdocs\examples\sn-ci4\app\Controllers\Mahasiswa.php(20): view('mahasiswa/index', Array)
#4 C:\xampp\htdocs\examples\sn-ci4\system\CodeIgniter.php(824): App\Controllers\Mahasiswa->index()
#5 C:\xampp\htdocs\examples\sn-ci4\system\CodeIgniter.php(410): CodeIgniter\CodeIgniter->runController(Object(App\Controllers\Mahasiswa))
#6 C:\xampp\htdocs\examples\sn-ci4\system\CodeIgniter.php(318): CodeIgniter\CodeIgniter->handleRequest(NULL, Object(Config\Cache), false)
#7 C:\xampp\htdocs\examples\sn-ci4\public\index.php(37): CodeIgniter\CodeIgniter->run()
#8 C:\xampp\htdocs\examples\sn-ci4\system\Commands\Server\rewrite.php(43): require_once('C:\\xampp\\htdocs...')
#9 {main}
CRITICAL - 2021-12-26 00:43:50 --> Call to a member function getResultArray() on array
#0 C:\xampp\htdocs\examples\sn-ci4\system\View\View.php(214): include()
#1 C:\xampp\htdocs\examples\sn-ci4\system\View\View.php(217): CodeIgniter\View\View->CodeIgniter\View\{closure}()
#2 C:\xampp\htdocs\examples\sn-ci4\system\Common.php(1097): CodeIgniter\View\View->render('mahasiswa/index', Array, true)
#3 C:\xampp\htdocs\examples\sn-ci4\app\Controllers\Mahasiswa.php(20): view('mahasiswa/index', Array)
#4 C:\xampp\htdocs\examples\sn-ci4\system\CodeIgniter.php(824): App\Controllers\Mahasiswa->index()
#5 C:\xampp\htdocs\examples\sn-ci4\system\CodeIgniter.php(410): CodeIgniter\CodeIgniter->runController(Object(App\Controllers\Mahasiswa))
#6 C:\xampp\htdocs\examples\sn-ci4\system\CodeIgniter.php(318): CodeIgniter\CodeIgniter->handleRequest(NULL, Object(Config\Cache), false)
#7 C:\xampp\htdocs\examples\sn-ci4\public\index.php(37): CodeIgniter\CodeIgniter->run()
#8 C:\xampp\htdocs\examples\sn-ci4\system\Commands\Server\rewrite.php(43): require_once('C:\\xampp\\htdocs...')
#9 {main}
CRITICAL - 2021-12-26 00:44:16 --> Call to a member function getResultArray() on array
#0 C:\xampp\htdocs\examples\sn-ci4\system\View\View.php(214): include()
#1 C:\xampp\htdocs\examples\sn-ci4\system\View\View.php(217): CodeIgniter\View\View->CodeIgniter\View\{closure}()
#2 C:\xampp\htdocs\examples\sn-ci4\system\Common.php(1097): CodeIgniter\View\View->render('mahasiswa/index', Array, true)
#3 C:\xampp\htdocs\examples\sn-ci4\app\Controllers\Mahasiswa.php(20): view('mahasiswa/index', Array)
#4 C:\xampp\htdocs\examples\sn-ci4\system\CodeIgniter.php(824): App\Controllers\Mahasiswa->index()
#5 C:\xampp\htdocs\examples\sn-ci4\system\CodeIgniter.php(410): CodeIgniter\CodeIgniter->runController(Object(App\Controllers\Mahasiswa))
#6 C:\xampp\htdocs\examples\sn-ci4\system\CodeIgniter.php(318): CodeIgniter\CodeIgniter->handleRequest(NULL, Object(Config\Cache), false)
#7 C:\xampp\htdocs\examples\sn-ci4\public\index.php(37): CodeIgniter\CodeIgniter->run()
#8 C:\xampp\htdocs\examples\sn-ci4\system\Commands\Server\rewrite.php(43): require_once('C:\\xampp\\htdocs...')
#9 {main}
CRITICAL - 2021-12-26 03:25:04 --> syntax error, unexpected '<', expecting elseif (T_ELSEIF) or else (T_ELSE) or endif (T_ENDIF)
#0 C:\xampp\htdocs\examples\sn-ci4\system\View\View.php(217): CodeIgniter\View\View->CodeIgniter\View\{closure}()
#1 C:\xampp\htdocs\examples\sn-ci4\system\Common.php(1097): CodeIgniter\View\View->render('mahasiswa/index', Array, true)
#2 C:\xampp\htdocs\examples\sn-ci4\app\Controllers\Mahasiswa.php(23): view('mahasiswa/index', Array)
#3 C:\xampp\htdocs\examples\sn-ci4\system\CodeIgniter.php(824): App\Controllers\Mahasiswa->index()
#4 C:\xampp\htdocs\examples\sn-ci4\system\CodeIgniter.php(410): CodeIgniter\CodeIgniter->runController(Object(App\Controllers\Mahasiswa))
#5 C:\xampp\htdocs\examples\sn-ci4\system\CodeIgniter.php(318): CodeIgniter\CodeIgniter->handleRequest(NULL, Object(Config\Cache), false)
#6 C:\xampp\htdocs\examples\sn-ci4\public\index.php(37): CodeIgniter\CodeIgniter->run()
#7 C:\xampp\htdocs\examples\sn-ci4\system\Commands\Server\rewrite.php(43): require_once('C:\\xampp\\htdocs...')
#8 {main}
ERROR - 2021-12-26 03:26:07 --> Duplicate entry '12200001' for key 'PRIMARY'
CRITICAL - 2021-12-26 03:26:07 --> Duplicate entry '12200001' for key 'PRIMARY'
#0 C:\xampp\htdocs\examples\sn-ci4\system\Database\MySQLi\Connection.php(292): mysqli->query('INSERT INTO `Ma...', 0)
#1 C:\xampp\htdocs\examples\sn-ci4\system\Database\BaseConnection.php(670): CodeIgniter\Database\MySQLi\Connection->execute('INSERT INTO `Ma...')
#2 C:\xampp\htdocs\examples\sn-ci4\system\Database\BaseConnection.php(598): CodeIgniter\Database\BaseConnection->simpleQuery('INSERT INTO `Ma...')
#3 C:\xampp\htdocs\examples\sn-ci4\system\Database\BaseBuilder.php(1759): CodeIgniter\Database\BaseConnection->query('INSERT INTO `Ma...', Array, false)
#4 C:\xampp\htdocs\examples\sn-ci4\app\Models\M_Mahasiswa.php(20): CodeIgniter\Database\BaseBuilder->insert(Array)
#5 C:\xampp\htdocs\examples\sn-ci4\app\Controllers\Mahasiswa.php(35): App\Models\M_Mahasiswa->tambah(Array)
#6 C:\xampp\htdocs\examples\sn-ci4\system\CodeIgniter.php(824): App\Controllers\Mahasiswa->tambah()
#7 C:\xampp\htdocs\examples\sn-ci4\system\CodeIgniter.php(410): CodeIgniter\CodeIgniter->runController(Object(App\Controllers\Mahasiswa))
#8 C:\xampp\htdocs\examples\sn-ci4\system\CodeIgniter.php(318): CodeIgniter\CodeIgniter->handleRequest(NULL, Object(Config\Cache), false)
#9 C:\xampp\htdocs\examples\sn-ci4\public\index.php(37): CodeIgniter\CodeIgniter->run()
#10 C:\xampp\htdocs\examples\sn-ci4\system\Commands\Server\rewrite.php(43): require_once('C:\\xampp\\htdocs...')
#11 {main}
CRITICAL - 2021-12-26 04:36:31 --> Call to undefined function App\Controllers\setFlashdata()
#0 C:\xampp\htdocs\examples\sn-ci4\system\CodeIgniter.php(824): App\Controllers\Mahasiswa->tambah()
#1 C:\xampp\htdocs\examples\sn-ci4\system\CodeIgniter.php(410): CodeIgniter\CodeIgniter->runController(Object(App\Controllers\Mahasiswa))
#2 C:\xampp\htdocs\examples\sn-ci4\system\CodeIgniter.php(318): CodeIgniter\CodeIgniter->handleRequest(NULL, Object(Config\Cache), false)
#3 C:\xampp\htdocs\examples\sn-ci4\public\index.php(37): CodeIgniter\CodeIgniter->run()
#4 C:\xampp\htdocs\examples\sn-ci4\system\Commands\Server\rewrite.php(43): require_once('C:\\xampp\\htdocs...')
#5 {main}
CRITICAL - 2021-12-26 04:36:54 --> Call to undefined function App\Controllers\setFlashdata()
#0 C:\xampp\htdocs\examples\sn-ci4\system\CodeIgniter.php(824): App\Controllers\Mahasiswa->tambah()
#1 C:\xampp\htdocs\examples\sn-ci4\system\CodeIgniter.php(410): CodeIgniter\CodeIgniter->runController(Object(App\Controllers\Mahasiswa))
#2 C:\xampp\htdocs\examples\sn-ci4\system\CodeIgniter.php(318): CodeIgniter\CodeIgniter->handleRequest(NULL, Object(Config\Cache), false)
#3 C:\xampp\htdocs\examples\sn-ci4\public\index.php(37): CodeIgniter\CodeIgniter->run()
#4 C:\xampp\htdocs\examples\sn-ci4\system\Commands\Server\rewrite.php(43): require_once('C:\\xampp\\htdocs...')
#5 {main}
